[debug] [2017-11-22T00:26:25.514Z] ----------------------------------------------------------------------
[debug] [2017-11-22T00:26:25.514Z] Command:       C:\Program Files\nodejs\node.exe C:\Users\kbullard\AppData\Roaming\npm\node_modules\firebase-tools\bin\firebase experimental:functions:shell
[debug] [2017-11-22T00:26:25.514Z] CLI Version:   3.15.2
[debug] [2017-11-22T00:26:25.514Z] Platform:      win32
[debug] [2017-11-22T00:26:25.514Z] Node Version:  v6.11.1
[debug] [2017-11-22T00:26:25.514Z] Time:          Tue Nov 21 2017 16:26:25 GMT-0800 (Pacific Standard Time)
[debug] [2017-11-22T00:26:25.514Z] ----------------------------------------------------------------------
[debug] 
[debug] [2017-11-22T00:26:25.514Z] > command requires scopes: ["email","openid","https://www.googleapis.com/auth/cloudplatformprojects.readonly","https://www.googleapis.com/auth/firebase","https://www.googleapis.com/auth/cloud-platform"]
[debug] [2017-11-22T00:26:25.514Z] > authorizing via signed-in user
[debug] [2017-11-22T00:26:25.529Z] >>> HTTP REQUEST GET https://admin.firebase.com/v1/projects/team-orange-20666  
 Tue Nov 21 2017 16:26:25 GMT-0800 (Pacific Standard Time)
[debug] [2017-11-22T00:26:25.936Z] <<< HTTP RESPONSE 200
[debug] [2017-11-22T00:26:25.936Z] >>> HTTP REQUEST GET https://admin.firebase.com/v1/database/team-orange-20666/tokens  
 Tue Nov 21 2017 16:26:25 GMT-0800 (Pacific Standard Time)
[debug] [2017-11-22T00:26:26.405Z] <<< HTTP RESPONSE 200
[info] i  functions: Preparing to emulate functions.
[debug] [2017-11-22T00:26:26.764Z] >>> HTTP REQUEST GET https://appengine.googleapis.com/v1/apps/team-orange-20666  
 Tue Nov 21 2017 16:26:26 GMT-0800 (Pacific Standard Time)
[debug] [2017-11-22T00:26:26.764Z] >>> HTTP REQUEST GET https://apikeys.googleapis.com/v1/projects/team-orange-20666/apiKeys  
 Tue Nov 21 2017 16:26:26 GMT-0800 (Pacific Standard Time)
[debug] [2017-11-22T00:26:27.155Z] <<< HTTP RESPONSE 200
[debug] [2017-11-22T00:26:27.311Z] <<< HTTP RESPONSE 200
[info] +  functions: addUserToTeam
[info] +  functions: userRemovedFromTeam
[debug] [2017-11-22T01:44:53.589Z] ----------------------------------------------------------------------
[debug] [2017-11-22T01:44:53.589Z] Command:       C:\Program Files\nodejs\node.exe C:\Users\kbullard\AppData\Roaming\npm\node_modules\firebase-tools\bin\firebase deploy --only functions
[debug] [2017-11-22T01:44:53.589Z] CLI Version:   3.15.2
[debug] [2017-11-22T01:44:53.589Z] Platform:      win32
[debug] [2017-11-22T01:44:53.589Z] Node Version:  v6.11.1
[debug] [2017-11-22T01:44:53.589Z] Time:          Tue Nov 21 2017 17:44:53 GMT-0800 (Pacific Standard Time)
[debug] [2017-11-22T01:44:53.589Z] ----------------------------------------------------------------------
[debug] 
[debug] [2017-11-22T01:44:53.605Z] > command requires scopes: ["email","openid","https://www.googleapis.com/auth/cloudplatformprojects.readonly","https://www.googleapis.com/auth/firebase","https://www.googleapis.com/auth/cloud-platform"]
[debug] [2017-11-22T01:44:53.605Z] > authorizing via signed-in user
[debug] [2017-11-22T01:44:53.605Z] > refreshing access token with scopes: ["email","https://www.googleapis.com/auth/cloud-platform","https://www.googleapis.com/auth/cloudplatformprojects.readonly","https://www.googleapis.com/auth/firebase","openid"]
[debug] [2017-11-22T01:44:53.605Z] >>> HTTP REQUEST POST https://www.googleapis.com/oauth2/v3/token { refresh_token: '1/89rCgNxcIoH4mYPFwXL89bDXomTG_kmE0YND0CS_ygU',
  client_id: '563584335869-fgrhgmd47bqnekij5i8b5pr03ho849e6.apps.googleusercontent.com',
  client_secret: 'j9iVZfS8kkCEFUPaAeJV0sAi',
  grant_type: 'refresh_token',
  scope: 'email https://www.googleapis.com/auth/cloud-platform https://www.googleapis.com/auth/cloudplatformprojects.readonly https://www.googleapis.com/auth/firebase openid' } 
 Tue Nov 21 2017 17:44:53 GMT-0800 (Pacific Standard Time)
[debug] [2017-11-22T01:44:53.761Z] <<< HTTP RESPONSE 200
[debug] [2017-11-22T01:44:53.808Z] >>> HTTP REQUEST GET https://admin.firebase.com/v1/projects/team-orange-20666  
 Tue Nov 21 2017 17:44:53 GMT-0800 (Pacific Standard Time)
[debug] [2017-11-22T01:44:54.277Z] <<< HTTP RESPONSE 200
[debug] [2017-11-22T01:44:54.292Z] >>> HTTP REQUEST GET https://admin.firebase.com/v1/database/team-orange-20666/tokens  
 Tue Nov 21 2017 17:44:54 GMT-0800 (Pacific Standard Time)
[debug] [2017-11-22T01:44:54.761Z] <<< HTTP RESPONSE 200
[info] 
[info] === Deploying to 'team-orange-20666'...
[info] 
[info] i  deploying functions
[debug] [2017-11-22T01:44:55.324Z] > [functions] package.json contents: {
  "name": "functions",
  "description": "Cloud Functions for Firebase",
  "scripts": {
    "serve": "firebase serve --only functions",
    "shell": "firebase experimental:functions:shell",
    "start": "npm run shell",
    "deploy": "firebase deploy --only functions",
    "logs": "firebase functions:log"
  },
  "dependencies": {
    "firebase-admin": "~5.4.2",
    "firebase-functions": "^0.7.1"
  },
  "private": true
}
[info] i  functions: ensuring necessary APIs are enabled...
[info] i  runtimeconfig: ensuring necessary APIs are enabled...
[debug] [2017-11-22T01:44:55.324Z] >>> HTTP REQUEST GET https://servicemanagement.googleapis.com/v1/services/cloudfunctions.googleapis.com/projectSettings/team-orange-20666?view=CONSUMER_VIEW  
 Tue Nov 21 2017 17:44:55 GMT-0800 (Pacific Standard Time)
[debug] [2017-11-22T01:44:55.324Z] >>> HTTP REQUEST GET https://servicemanagement.googleapis.com/v1/services/runtimeconfig.googleapis.com/projectSettings/team-orange-20666?view=CONSUMER_VIEW  
 Tue Nov 21 2017 17:44:55 GMT-0800 (Pacific Standard Time)
[debug] [2017-11-22T01:44:55.996Z] <<< HTTP RESPONSE 200
[info] +  runtimeconfig: all necessary APIs are enabled
[debug] [2017-11-22T01:44:56.011Z] <<< HTTP RESPONSE 200
[info] +  functions: all necessary APIs are enabled
[debug] [2017-11-22T01:44:56.011Z] >>> HTTP REQUEST GET https://appengine.googleapis.com/v1/apps/team-orange-20666  
 Tue Nov 21 2017 17:44:56 GMT-0800 (Pacific Standard Time)
[debug] [2017-11-22T01:44:56.011Z] >>> HTTP REQUEST GET https://apikeys.googleapis.com/v1/projects/team-orange-20666/apiKeys  
 Tue Nov 21 2017 17:44:56 GMT-0800 (Pacific Standard Time)
[debug] [2017-11-22T01:44:56.480Z] <<< HTTP RESPONSE 200
[debug] [2017-11-22T01:44:56.526Z] <<< HTTP RESPONSE 200
[info] i  functions: preparing functions directory for uploading...
[debug] [2017-11-22T01:45:47.101Z] >>> HTTP REQUEST GET https://runtimeconfig.googleapis.com/v1beta1/projects/team-orange-20666/configs  
 Tue Nov 21 2017 17:45:47 GMT-0800 (Pacific Standard Time)
[debug] [2017-11-22T01:45:47.363Z] <<< HTTP RESPONSE 200
[info] i  functions: packaged functions (61.65 KB) for uploading
[debug] [2017-11-22T01:45:56.954Z] >>> HTTP REQUEST GET https://www.googleapis.com/storage/v1/b/staging.team-orange-20666.appspot.com  
 Tue Nov 21 2017 17:45:56 GMT-0800 (Pacific Standard Time)
[debug] [2017-11-22T01:45:57.101Z] <<< HTTP RESPONSE 200
[debug] [2017-11-22T01:45:57.101Z] >>> HTTP REQUEST POST https://www.googleapis.com/upload/storage/v1/b/staging.team-orange-20666.appspot.com/o?uploadType=media&name=firebase-functions-source ReadStream {
  _readableState: 
   ReadableState {
     objectMode: false,
     highWaterMark: 65536,
     buffer: BufferList { head: [Object], tail: [Object], length: 1 },
     length: 63126,
     pipes: null,
     pipesCount: 0,
     flowing: null,
     ended: true,
     endEmitted: false,
     reading: false,
     sync: false,
     needReadable: false,
     emittedReadable: true,
     readableListening: false,
     resumeScheduled: false,
     defaultEncoding: 'utf8',
     ranOut: false,
     awaitDrain: 0,
     readingMore: false,
     decoder: null,
     encoding: null },
  readable: true,
  domain: null,
  _events: { end: [Function] },
  _eventsCount: 1,
  _maxListeners: undefined,
  path: 'C:\\Users\\kbullard\\AppData\\Local\\Temp\\firebase-functions-155401Rf7WDKRjjXP.zip',
  fd: 5,
  flags: 'r',
  mode: 438,
  start: undefined,
  end: undefined,
  autoClose: true,
  pos: undefined,
  bytesRead: 63126 } 
 Tue Nov 21 2017 17:45:57 GMT-0800 (Pacific Standard Time)
[debug] [2017-11-22T01:45:57.419Z] <<< HTTP RESPONSE 200
[info] +  functions: functions folder uploaded successfully
[debug] [2017-11-22T01:45:57.419Z] >>> HTTP REQUEST GET https://cloudfunctions.googleapis.com/v1/projects/team-orange-20666/locations/us-central1/functions  
 Tue Nov 21 2017 17:45:57 GMT-0800 (Pacific Standard Time)
[debug] [2017-11-22T01:45:57.828Z] <<< HTTP RESPONSE 200
[info] i  functions: creating function addUserToTeam...
[debug] [2017-11-22T01:45:57.832Z] Trigger is: 
[info] i  functions: deleting function sendCrisisNotification...
[debug] [2017-11-22T01:45:57.834Z] >>> HTTP REQUEST POST https://cloudfunctions.googleapis.com/v1/projects/team-orange-20666/locations/us-central1/functions { sourceArchiveUrl: 'gs://staging.team-orange-20666.appspot.com/firebase-functions-source',
  name: 'projects/team-orange-20666/locations/us-central1/functions/addUserToTeam',
  entryPoint: 'addUserToTeam',
  labels: { 'deployment-tool': 'cli-firebase' },
  eventTrigger: 
   { resource: 'projects/_/instances/team-orange-20666/refs/users/{userID}/currentTeam',
     eventType: 'providers/google.firebase.database/eventTypes/ref.write' } } 
 Tue Nov 21 2017 17:45:57 GMT-0800 (Pacific Standard Time)
[debug] [2017-11-22T01:45:57.835Z] >>> HTTP REQUEST DELETE https://cloudfunctions.googleapis.com/v1/projects/team-orange-20666/locations/us-central1/functions/sendCrisisNotification  
 Tue Nov 21 2017 17:45:57 GMT-0800 (Pacific Standard Time)
[debug] [2017-11-22T01:45:58.119Z] <<< HTTP RESPONSE 200
[debug] [2017-11-22T01:45:58.203Z] <<< HTTP RESPONSE 200
[debug] [2017-11-22T01:45:58.203Z] >>> HTTP REQUEST GET https://cloudfunctions.googleapis.com/v1/operations/dGVhbS1vcmFuZ2UtMjA2NjYvdXMtY2VudHJhbDEvYWRkVXNlclRvVGVhbS81blBDcHdGLUV6cw  
 Tue Nov 21 2017 17:45:58 GMT-0800 (Pacific Standard Time)
[debug] [2017-11-22T01:45:58.203Z] >>> HTTP REQUEST GET https://cloudfunctions.googleapis.com/v1/operations/dGVhbS1vcmFuZ2UtMjA2NjYvdXMtY2VudHJhbDEvc2VuZENyaXNpc05vdGlmaWNhdGlvbi9jNmVmWVJYYUlCRQ  
 Tue Nov 21 2017 17:45:58 GMT-0800 (Pacific Standard Time)
[debug] [2017-11-22T01:45:58.541Z] <<< HTTP RESPONSE 200
[debug] [2017-11-22T01:45:58.554Z] <<< HTTP RESPONSE 200
[debug] [2017-11-22T01:46:00.543Z] >>> HTTP REQUEST GET https://cloudfunctions.googleapis.com/v1/operations/dGVhbS1vcmFuZ2UtMjA2NjYvdXMtY2VudHJhbDEvYWRkVXNlclRvVGVhbS81blBDcHdGLUV6cw  
 Tue Nov 21 2017 17:46:00 GMT-0800 (Pacific Standard Time)
[debug] [2017-11-22T01:46:00.568Z] >>> HTTP REQUEST GET https://cloudfunctions.googleapis.com/v1/operations/dGVhbS1vcmFuZ2UtMjA2NjYvdXMtY2VudHJhbDEvc2VuZENyaXNpc05vdGlmaWNhdGlvbi9jNmVmWVJYYUlCRQ  
 Tue Nov 21 2017 17:46:00 GMT-0800 (Pacific Standard Time)
[debug] [2017-11-22T01:46:00.881Z] <<< HTTP RESPONSE 200
[debug] [2017-11-22T01:46:00.893Z] <<< HTTP RESPONSE 200
[debug] [2017-11-22T01:46:02.882Z] >>> HTTP REQUEST GET https://cloudfunctions.googleapis.com/v1/operations/dGVhbS1vcmFuZ2UtMjA2NjYvdXMtY2VudHJhbDEvYWRkVXNlclRvVGVhbS81blBDcHdGLUV6cw  
 Tue Nov 21 2017 17:46:02 GMT-0800 (Pacific Standard Time)
[debug] [2017-11-22T01:46:02.893Z] >>> HTTP REQUEST GET https://cloudfunctions.googleapis.com/v1/operations/dGVhbS1vcmFuZ2UtMjA2NjYvdXMtY2VudHJhbDEvc2VuZENyaXNpc05vdGlmaWNhdGlvbi9jNmVmWVJYYUlCRQ  
 Tue Nov 21 2017 17:46:02 GMT-0800 (Pacific Standard Time)
[debug] [2017-11-22T01:46:03.217Z] <<< HTTP RESPONSE 200
[debug] [2017-11-22T01:46:03.264Z] <<< HTTP RESPONSE 200
[debug] [2017-11-22T01:46:05.224Z] >>> HTTP REQUEST GET https://cloudfunctions.googleapis.com/v1/operations/dGVhbS1vcmFuZ2UtMjA2NjYvdXMtY2VudHJhbDEvYWRkVXNlclRvVGVhbS81blBDcHdGLUV6cw  
 Tue Nov 21 2017 17:46:05 GMT-0800 (Pacific Standard Time)
[debug] [2017-11-22T01:46:05.266Z] >>> HTTP REQUEST GET https://cloudfunctions.googleapis.com/v1/operations/dGVhbS1vcmFuZ2UtMjA2NjYvdXMtY2VudHJhbDEvc2VuZENyaXNpc05vdGlmaWNhdGlvbi9jNmVmWVJYYUlCRQ  
 Tue Nov 21 2017 17:46:05 GMT-0800 (Pacific Standard Time)
[debug] [2017-11-22T01:46:05.526Z] <<< HTTP RESPONSE 200
[debug] [2017-11-22T01:46:05.582Z] <<< HTTP RESPONSE 200
[debug] [2017-11-22T01:46:07.543Z] >>> HTTP REQUEST GET https://cloudfunctions.googleapis.com/v1/operations/dGVhbS1vcmFuZ2UtMjA2NjYvdXMtY2VudHJhbDEvYWRkVXNlclRvVGVhbS81blBDcHdGLUV6cw  
 Tue Nov 21 2017 17:46:07 GMT-0800 (Pacific Standard Time)
[debug] [2017-11-22T01:46:07.584Z] >>> HTTP REQUEST GET https://cloudfunctions.googleapis.com/v1/operations/dGVhbS1vcmFuZ2UtMjA2NjYvdXMtY2VudHJhbDEvc2VuZENyaXNpc05vdGlmaWNhdGlvbi9jNmVmWVJYYUlCRQ  
 Tue Nov 21 2017 17:46:07 GMT-0800 (Pacific Standard Time)
[debug] [2017-11-22T01:46:07.859Z] <<< HTTP RESPONSE 200
[debug] [2017-11-22T01:46:07.905Z] <<< HTTP RESPONSE 200
[debug] [2017-11-22T01:46:09.872Z] >>> HTTP REQUEST GET https://cloudfunctions.googleapis.com/v1/operations/dGVhbS1vcmFuZ2UtMjA2NjYvdXMtY2VudHJhbDEvYWRkVXNlclRvVGVhbS81blBDcHdGLUV6cw  
 Tue Nov 21 2017 17:46:09 GMT-0800 (Pacific Standard Time)
[debug] [2017-11-22T01:46:09.924Z] >>> HTTP REQUEST GET https://cloudfunctions.googleapis.com/v1/operations/dGVhbS1vcmFuZ2UtMjA2NjYvdXMtY2VudHJhbDEvc2VuZENyaXNpc05vdGlmaWNhdGlvbi9jNmVmWVJYYUlCRQ  
 Tue Nov 21 2017 17:46:09 GMT-0800 (Pacific Standard Time)
[debug] [2017-11-22T01:46:10.222Z] <<< HTTP RESPONSE 200
[debug] [2017-11-22T01:46:10.258Z] <<< HTTP RESPONSE 200
[debug] [2017-11-22T01:46:12.227Z] >>> HTTP REQUEST GET https://cloudfunctions.googleapis.com/v1/operations/dGVhbS1vcmFuZ2UtMjA2NjYvdXMtY2VudHJhbDEvYWRkVXNlclRvVGVhbS81blBDcHdGLUV6cw  
 Tue Nov 21 2017 17:46:12 GMT-0800 (Pacific Standard Time)
[debug] [2017-11-22T01:46:12.261Z] >>> HTTP REQUEST GET https://cloudfunctions.googleapis.com/v1/operations/dGVhbS1vcmFuZ2UtMjA2NjYvdXMtY2VudHJhbDEvc2VuZENyaXNpc05vdGlmaWNhdGlvbi9jNmVmWVJYYUlCRQ  
 Tue Nov 21 2017 17:46:12 GMT-0800 (Pacific Standard Time)
[debug] [2017-11-22T01:46:12.537Z] <<< HTTP RESPONSE 200
[debug] [2017-11-22T01:46:12.568Z] <<< HTTP RESPONSE 200
[debug] [2017-11-22T01:46:14.548Z] >>> HTTP REQUEST GET https://cloudfunctions.googleapis.com/v1/operations/dGVhbS1vcmFuZ2UtMjA2NjYvdXMtY2VudHJhbDEvYWRkVXNlclRvVGVhbS81blBDcHdGLUV6cw  
 Tue Nov 21 2017 17:46:14 GMT-0800 (Pacific Standard Time)
[debug] [2017-11-22T01:46:14.580Z] >>> HTTP REQUEST GET https://cloudfunctions.googleapis.com/v1/operations/dGVhbS1vcmFuZ2UtMjA2NjYvdXMtY2VudHJhbDEvc2VuZENyaXNpc05vdGlmaWNhdGlvbi9jNmVmWVJYYUlCRQ  
 Tue Nov 21 2017 17:46:14 GMT-0800 (Pacific Standard Time)
[debug] [2017-11-22T01:46:14.851Z] <<< HTTP RESPONSE 200
[debug] [2017-11-22T01:46:14.867Z] <<< HTTP RESPONSE 200
[debug] [2017-11-22T01:46:16.863Z] >>> HTTP REQUEST GET https://cloudfunctions.googleapis.com/v1/operations/dGVhbS1vcmFuZ2UtMjA2NjYvdXMtY2VudHJhbDEvYWRkVXNlclRvVGVhbS81blBDcHdGLUV6cw  
 Tue Nov 21 2017 17:46:16 GMT-0800 (Pacific Standard Time)
[debug] [2017-11-22T01:46:16.883Z] >>> HTTP REQUEST GET https://cloudfunctions.googleapis.com/v1/operations/dGVhbS1vcmFuZ2UtMjA2NjYvdXMtY2VudHJhbDEvc2VuZENyaXNpc05vdGlmaWNhdGlvbi9jNmVmWVJYYUlCRQ  
 Tue Nov 21 2017 17:46:16 GMT-0800 (Pacific Standard Time)
[debug] [2017-11-22T01:46:17.151Z] <<< HTTP RESPONSE 200
[debug] [2017-11-22T01:46:17.182Z] <<< HTTP RESPONSE 200
[info] +  functions[sendCrisisNotification]: Successful delete operation. 
[debug] [2017-11-22T01:46:19.162Z] >>> HTTP REQUEST GET https://cloudfunctions.googleapis.com/v1/operations/dGVhbS1vcmFuZ2UtMjA2NjYvdXMtY2VudHJhbDEvYWRkVXNlclRvVGVhbS81blBDcHdGLUV6cw  
 Tue Nov 21 2017 17:46:19 GMT-0800 (Pacific Standard Time)
[debug] [2017-11-22T01:46:19.464Z] <<< HTTP RESPONSE 200
[debug] [2017-11-22T01:46:21.480Z] >>> HTTP REQUEST GET https://cloudfunctions.googleapis.com/v1/operations/dGVhbS1vcmFuZ2UtMjA2NjYvdXMtY2VudHJhbDEvYWRkVXNlclRvVGVhbS81blBDcHdGLUV6cw  
 Tue Nov 21 2017 17:46:21 GMT-0800 (Pacific Standard Time)
[debug] [2017-11-22T01:46:21.644Z] <<< HTTP RESPONSE 200
[debug] [2017-11-22T01:46:23.656Z] >>> HTTP REQUEST GET https://cloudfunctions.googleapis.com/v1/operations/dGVhbS1vcmFuZ2UtMjA2NjYvdXMtY2VudHJhbDEvYWRkVXNlclRvVGVhbS81blBDcHdGLUV6cw  
 Tue Nov 21 2017 17:46:23 GMT-0800 (Pacific Standard Time)
[debug] [2017-11-22T01:46:23.973Z] <<< HTTP RESPONSE 200
[debug] [2017-11-22T01:46:25.988Z] >>> HTTP REQUEST GET https://cloudfunctions.googleapis.com/v1/operations/dGVhbS1vcmFuZ2UtMjA2NjYvdXMtY2VudHJhbDEvYWRkVXNlclRvVGVhbS81blBDcHdGLUV6cw  
 Tue Nov 21 2017 17:46:25 GMT-0800 (Pacific Standard Time)
[debug] [2017-11-22T01:46:26.290Z] <<< HTTP RESPONSE 200
[debug] [2017-11-22T01:46:28.302Z] >>> HTTP REQUEST GET https://cloudfunctions.googleapis.com/v1/operations/dGVhbS1vcmFuZ2UtMjA2NjYvdXMtY2VudHJhbDEvYWRkVXNlclRvVGVhbS81blBDcHdGLUV6cw  
 Tue Nov 21 2017 17:46:28 GMT-0800 (Pacific Standard Time)
[debug] [2017-11-22T01:46:28.433Z] <<< HTTP RESPONSE 200
[debug] [2017-11-22T01:46:30.437Z] >>> HTTP REQUEST GET https://cloudfunctions.googleapis.com/v1/operations/dGVhbS1vcmFuZ2UtMjA2NjYvdXMtY2VudHJhbDEvYWRkVXNlclRvVGVhbS81blBDcHdGLUV6cw  
 Tue Nov 21 2017 17:46:30 GMT-0800 (Pacific Standard Time)
[debug] [2017-11-22T01:46:30.756Z] <<< HTTP RESPONSE 200
[debug] [2017-11-22T01:46:32.768Z] >>> HTTP REQUEST GET https://cloudfunctions.googleapis.com/v1/operations/dGVhbS1vcmFuZ2UtMjA2NjYvdXMtY2VudHJhbDEvYWRkVXNlclRvVGVhbS81blBDcHdGLUV6cw  
 Tue Nov 21 2017 17:46:32 GMT-0800 (Pacific Standard Time)
[debug] [2017-11-22T01:46:33.087Z] <<< HTTP RESPONSE 200
[debug] [2017-11-22T01:46:35.099Z] >>> HTTP REQUEST GET https://cloudfunctions.googleapis.com/v1/operations/dGVhbS1vcmFuZ2UtMjA2NjYvdXMtY2VudHJhbDEvYWRkVXNlclRvVGVhbS81blBDcHdGLUV6cw  
 Tue Nov 21 2017 17:46:35 GMT-0800 (Pacific Standard Time)
[debug] [2017-11-22T01:46:35.401Z] <<< HTTP RESPONSE 200
[debug] [2017-11-22T01:46:37.413Z] >>> HTTP REQUEST GET https://cloudfunctions.googleapis.com/v1/operations/dGVhbS1vcmFuZ2UtMjA2NjYvdXMtY2VudHJhbDEvYWRkVXNlclRvVGVhbS81blBDcHdGLUV6cw  
 Tue Nov 21 2017 17:46:37 GMT-0800 (Pacific Standard Time)
[debug] [2017-11-22T01:46:37.717Z] <<< HTTP RESPONSE 200
